Unity Editor version:    2020.3.42f1 (7ade1201f527)
Branch:                  2020.3/staging
Build type:              Release
Batch mode:              YES
macOS version:           Version 11.2.1 (Build 20D74)
Darwin version:          20.3.0
Architecture:            x86_64
Running under Rosetta:   NO
Available memory:        16384 MB
Using pre-set license
Pro License: NO

COMMAND LINE ARGUMENTS:
/Applications/2020.3.42f1/Unity.app/Contents/MacOS/Unity
-adb2
-batchMode
-noUpm
-name
AssetImportWorker0
-projectPath
/Users/game34/Desktop/Create With Code/Personal Project
-logFile
Logs/AssetImportWorker0.log
-srvPort
53412
Successfully changed project path to: /Users/game34/Desktop/Create With Code/Personal Project
Could not lock editor preferences. Preferences updates for this instance of Unity will not be saved./Users/game34/Desktop/Create With Code/Personal Project
Using Asset Import Pipeline V2.
Refreshing native plugins compatible for Editor in 24.08 ms, found 2 plugins.
Preloading 0 native plugins for Editor in 0.00 ms.
Initialize engine version: 2020.3.42f1 (7ade1201f527)
[Subsystems] Discovering subsystems at path /Applications/2020.3.42f1/Unity.app/Contents/Resources/UnitySubsystems
[Subsystems] Discovering subsystems at path /Users/game34/Desktop/Create With Code/Personal Project/Assets
GfxDevice: creating device client; threaded=0
2024-10-10 12:04:26.213 Unity[4644:191488] iMac preferred device: AMD Radeon Pro 5500 XT (high power)
2024-10-10 12:04:26.213 Unity[4644:191488] Metal devices available: 1
2024-10-10 12:04:26.214 Unity[4644:191488] 0: AMD Radeon Pro 5500 XT (high power)
2024-10-10 12:04:26.214 Unity[4644:191488] Using device AMD Radeon Pro 5500 XT (high power)
Initializing Metal device caps: AMD Radeon Pro 5500 XT
Initialize mono
Mono path[0] = '/Applications/2020.3.42f1/Unity.app/Contents/Managed'
Mono path[1] = '/Applications/2020.3.42f1/Unity.app/Contents/MonoBleedingEdge/lib/mono/unityjit'
Mono config path = '/Applications/2020.3.42f1/Unity.app/Contents/MonoBleedingEdge/etc'
Using monoOptions --debugger-agent=transport=dt_socket,embedding=1,server=y,suspend=n,address=127.0.0.1:56644
Begin MonoManager ReloadAssembly
Registering precompiled unity dll's ...
Register platform support module: /Applications/2020.3.42f1/Unity.app/Contents/PlaybackEngines/MacStandaloneSupport/UnityEditor.OSXStandalone.Extensions.dll
Registered in 0.000432 seconds.
Native extension for OSXStandalone target not found
Refreshing native plugins compatible for Editor in 24.16 ms, found 2 plugins.
Preloading 0 native plugins for Editor in 0.00 ms.
Mono: successfully reloaded assembly
- Completed reload, in  0.517 seconds
Domain Reload Profiling:
	ReloadAssembly (517ms)
		BeginReloadAssembly (37ms)
			ExecutionOrderSort (0ms)
			DisableScriptedObjects (0ms)
			BackupInstance (0ms)
			ReleaseScriptingObjects (0ms)
			CreateAndSetChildDomain (1ms)
		EndReloadAssembly (414ms)
			LoadAssemblies (36ms)
			RebuildTransferFunctionScriptingTraits (0ms)
			SetupTypeCache (155ms)
			ReleaseScriptCaches (0ms)
			RebuildScriptCaches (33ms)
			SetupLoadedEditorAssemblies (153ms)
				LogAssemblyErrors (0ms)
				InitializePlatformSupportModulesInManaged (4ms)
				SetLoadedEditorAssemblies (0ms)
				RefreshPlugins (24ms)
				BeforeProcessingInitializeOnLoad (7ms)
				ProcessInitializeOnLoadAttributes (91ms)
				ProcessInitializeOnLoadMethodAttributes (26ms)
				AfterProcessingInitializeOnLoad (0ms)
				EditorAssembliesLoaded (0ms)
			ExecutionOrderSort2 (0ms)
			AwakeInstancesAfterBackupRestoration (0ms)
Platform modules already initialized, skipping
Registering precompiled user dll's ...
Registered in 0.001024 seconds.
Begin MonoManager ReloadAssembly
Native extension for OSXStandalone target not found
Refreshing native plugins compatible for Editor in 0.26 ms, found 2 plugins.
Preloading 0 native plugins for Editor in 0.00 ms.
Mono: successfully reloaded assembly
- Completed reload, in  0.919 seconds
Domain Reload Profiling:
	ReloadAssembly (919ms)
		BeginReloadAssembly (129ms)
			ExecutionOrderSort (0ms)
			DisableScriptedObjects (4ms)
			BackupInstance (0ms)
			ReleaseScriptingObjects (0ms)
			CreateAndSetChildDomain (26ms)
		EndReloadAssembly (734ms)
			LoadAssemblies (74ms)
			RebuildTransferFunctionScriptingTraits (0ms)
			SetupTypeCache (282ms)
			ReleaseScriptCaches (0ms)
			RebuildScriptCaches (45ms)
			SetupLoadedEditorAssemblies (246ms)
				LogAssemblyErrors (0ms)
				InitializePlatformSupportModulesInManaged (4ms)
				SetLoadedEditorAssemblies (0ms)
				RefreshPlugins (0ms)
				BeforeProcessingInitializeOnLoad (41ms)
				ProcessInitializeOnLoadAttributes (188ms)
				ProcessInitializeOnLoadMethodAttributes (12ms)
				AfterProcessingInitializeOnLoad (1ms)
				EditorAssembliesLoaded (0ms)
			ExecutionOrderSort2 (0ms)
			AwakeInstancesAfterBackupRestoration (2ms)
Platform modules already initialized, skipping
Validating Project structure ... 0.000235 seconds.
Shader import version has changed; will reimport all shaders...
Upgrading shader files ...0.000337 seconds.
Application.AssetDatabase Initial Script Refresh Start
RefreshInfo: InitialScriptRefreshV2(NoUpdateAssetOptions) scanfilter:  ... 1 filters
RefreshProfiler: Total: 0.000ms
Application.AssetDatabase Initial Script Refresh End
Application.AssetDatabase.Refresh Start
Application.AssetDatabase.Refresh End
RefreshInfo: StopAssetImportingV2(ForceSynchronousImport) scanfilter: 
RefreshProfiler: Total: 0.000ms
Launching external process: /Applications/2020.3.42f1/Unity.app/Contents/Tools/UnityShaderCompiler
Launched and connected shader compiler UnityShaderCompiler after 0.01 seconds
Initializing Unity extensions:
========================================================================
Worker process is ready to serve import requests
Refreshing native plugins compatible for Editor in 0.24 ms, found 2 plugins.
Preloading 0 native plugins for Editor in 0.00 ms.
Unloading 1489 Unused Serialized files (Serialized files now loaded: 0)
System memory in use before: 176.0 MB.
System memory in use after: 175.2 MB.

Unloading 77 unused Assets to reduce memory usage. Loaded Objects now: 1965.
Total: 2.550646 ms (FindLiveObjects: 0.137278 ms CreateObjectMapping: 0.048655 ms MarkObjects: 1.944665 ms  DeleteObjects: 0.419520 ms)

AssetImportParameters requested are different than current active one (requested -> active):
  custom:video-decoder-ogg-theora: a1e56fd34408186e4bbccfd4996cb3dc -> 
  custom:container-muxer-webm: aa71ff27fc2769a1b78a27578f13a17b -> 
  custom:container-demuxer-webm: 4f35f7cbe854078d1ac9338744f61a02 -> 
  custom:container-demuxer-ogg: 62fdf1f143b41e24485cea50d1cbac27 -> 
  custom:video-encoder-webm-vp8: eb34c28f22e8b96e1ab97ce403110664 -> 
  custom:framework-osx-AVFoundation: e770b220cccbd017edd2c1fefb359320 -> 
  custom:video-decoder-webm-vp8: 9c59270c3fd7afecdb556c50c9e8de78 -> 
  custom:audio-decoder-ogg-vorbis: bf7c407c2cedff20999df2af8eb42d56 -> 
  custom:audio-encoder-webm-vorbis: bf7c407c2cedff20999df2af8eb42d56 -> 
========================================================================
Received Import Request.
  path: Assets/Prefabs/Fence.prefab
  artifactKey: Guid(8a2fdec5f197140cbba5bfda3404fba3) Importer(815301076,1909f56bfc062723c751e8b465ee728b)
Start importing Assets/Prefabs/Fence.prefab using Guid(8a2fdec5f197140cbba5bfda3404fba3) Importer(815301076,1909f56bfc062723c751e8b465ee728b)  -> (artifact id: 'e61820d51164684eebd1c71392fae975') in 0.892788 seconds 
========================================================================
Received Import Request.
  Time since last request: 77.973037 seconds.
  path: Assets/Prefabs/Fence.prefab
  artifactKey: Guid(8a2fdec5f197140cbba5bfda3404fba3) Importer(815301076,1909f56bfc062723c751e8b465ee728b)
Start importing Assets/Prefabs/Fence.prefab using Guid(8a2fdec5f197140cbba5bfda3404fba3) Importer(815301076,1909f56bfc062723c751e8b465ee728b)  -> (artifact id: '5d4523e68b40affd2160ef6df789c5e1') in 0.011504 seconds 
========================================================================
Received Import Request.
  Time since last request: 2.818388 seconds.
  path: Assets/Prefabs/Fence.prefab
  artifactKey: Guid(8a2fdec5f197140cbba5bfda3404fba3) Importer(815301076,1909f56bfc062723c751e8b465ee728b)
Start importing Assets/Prefabs/Fence.prefab using Guid(8a2fdec5f197140cbba5bfda3404fba3) Importer(815301076,1909f56bfc062723c751e8b465ee728b)  -> (artifact id: '4b2888add66dd5757e65c1ad198bd626') in 0.013797 seconds 
========================================================================
Received Import Request.
  Time since last request: 5.657491 seconds.
  path: Assets/Prefabs/Fence.prefab
  artifactKey: Guid(8a2fdec5f197140cbba5bfda3404fba3) Importer(815301076,1909f56bfc062723c751e8b465ee728b)
Start importing Assets/Prefabs/Fence.prefab using Guid(8a2fdec5f197140cbba5bfda3404fba3) Importer(815301076,1909f56bfc062723c751e8b465ee728b)  -> (artifact id: '3996ede827a5df19cfb56f39cdc603ed') in 0.012759 seconds 
========================================================================
Received Import Request.
  Time since last request: 32.001957 seconds.
  path: Assets/Prefabs/Fence.prefab
  artifactKey: Guid(8a2fdec5f197140cbba5bfda3404fba3) Importer(815301076,1909f56bfc062723c751e8b465ee728b)
Start importing Assets/Prefabs/Fence.prefab using Guid(8a2fdec5f197140cbba5bfda3404fba3) Importer(815301076,1909f56bfc062723c751e8b465ee728b)  -> (artifact id: '192d76aa25cb4e1320d8a8e05be43df5') in 0.012701 seconds 
========================================================================
Received Import Request.
  Time since last request: 9.731821 seconds.
  path: Assets/Prefabs/Fence.prefab
  artifactKey: Guid(8a2fdec5f197140cbba5bfda3404fba3) Importer(815301076,1909f56bfc062723c751e8b465ee728b)
Start importing Assets/Prefabs/Fence.prefab using Guid(8a2fdec5f197140cbba5bfda3404fba3) Importer(815301076,1909f56bfc062723c751e8b465ee728b)  -> (artifact id: '29f88b0026c55ad80e866631f206405c') in 0.015130 seconds 
========================================================================
Received Import Request.
  Time since last request: 1.195123 seconds.
  path: Assets/Prefabs/Fence.prefab
  artifactKey: Guid(8a2fdec5f197140cbba5bfda3404fba3) Importer(815301076,1909f56bfc062723c751e8b465ee728b)
Start importing Assets/Prefabs/Fence.prefab using Guid(8a2fdec5f197140cbba5bfda3404fba3) Importer(815301076,1909f56bfc062723c751e8b465ee728b)  -> (artifact id: 'eabb0becc01e0f924f7d80fb1ca4baf0') in 0.010847 seconds 
========================================================================
Received Import Request.
  Time since last request: 16.194527 seconds.
  path: Assets/Prefabs/Fence.prefab
  artifactKey: Guid(8a2fdec5f197140cbba5bfda3404fba3) Importer(815301076,1909f56bfc062723c751e8b465ee728b)
Start importing Assets/Prefabs/Fence.prefab using Guid(8a2fdec5f197140cbba5bfda3404fba3) Importer(815301076,1909f56bfc062723c751e8b465ee728b)  -> (artifact id: '6e75c0f073fa3ca18f120bc4c44595ce') in 0.012763 seconds 
========================================================================
Received Import Request.
  Time since last request: 10.565201 seconds.
  path: Assets/Prefabs/Fence.prefab
  artifactKey: Guid(8a2fdec5f197140cbba5bfda3404fba3) Importer(815301076,1909f56bfc062723c751e8b465ee728b)
Start importing Assets/Prefabs/Fence.prefab using Guid(8a2fdec5f197140cbba5bfda3404fba3) Importer(815301076,1909f56bfc062723c751e8b465ee728b)  -> (artifact id: '0894081af4a79da6a419addb63763ea9') in 0.010866 seconds 
========================================================================
Received Import Request.
  Time since last request: 4.855735 seconds.
  path: Assets/Prefabs/Fence.prefab
  artifactKey: Guid(8a2fdec5f197140cbba5bfda3404fba3) Importer(815301076,1909f56bfc062723c751e8b465ee728b)
Start importing Assets/Prefabs/Fence.prefab using Guid(8a2fdec5f197140cbba5bfda3404fba3) Importer(815301076,1909f56bfc062723c751e8b465ee728b)  -> (artifact id: 'd1e26226cc3d7843d26ff647d05e6eb8') in 0.011149 seconds 
========================================================================
Received Import Request.
  Time since last request: 6.900150 seconds.
  path: Assets/Prefabs/Fence.prefab
  artifactKey: Guid(8a2fdec5f197140cbba5bfda3404fba3) Importer(815301076,1909f56bfc062723c751e8b465ee728b)
Start importing Assets/Prefabs/Fence.prefab using Guid(8a2fdec5f197140cbba5bfda3404fba3) Importer(815301076,1909f56bfc062723c751e8b465ee728b)  -> (artifact id: '2c32380510da802a02ddf6f5817088dc') in 0.012392 seconds 
========================================================================
Received Import Request.
  Time since last request: 4.675763 seconds.
  path: Assets/Prefabs/Fence.prefab
  artifactKey: Guid(8a2fdec5f197140cbba5bfda3404fba3) Importer(815301076,1909f56bfc062723c751e8b465ee728b)
Start importing Assets/Prefabs/Fence.prefab using Guid(8a2fdec5f197140cbba5bfda3404fba3) Importer(815301076,1909f56bfc062723c751e8b465ee728b)  -> (artifact id: 'aa6496d99124c43502868004e001a63c') in 0.010994 seconds 
========================================================================
Received Import Request.
  Time since last request: 7.703470 seconds.
  path: Assets/Prefabs/Fence.prefab
  artifactKey: Guid(8a2fdec5f197140cbba5bfda3404fba3) Importer(815301076,1909f56bfc062723c751e8b465ee728b)
Start importing Assets/Prefabs/Fence.prefab using Guid(8a2fdec5f197140cbba5bfda3404fba3) Importer(815301076,1909f56bfc062723c751e8b465ee728b)  -> (artifact id: '537ab1c4d02f778597f37feed3d0ca53') in 0.013994 seconds 
========================================================================
Received Import Request.
  Time since last request: 15.384900 seconds.
  path: Assets/Prefabs/Fence.prefab
  artifactKey: Guid(8a2fdec5f197140cbba5bfda3404fba3) Importer(815301076,1909f56bfc062723c751e8b465ee728b)
Start importing Assets/Prefabs/Fence.prefab using Guid(8a2fdec5f197140cbba5bfda3404fba3) Importer(815301076,1909f56bfc062723c751e8b465ee728b)  -> (artifact id: '3a66b591057ffd91d67ab8b8b7c6270c') in 0.010967 seconds 
========================================================================
Received Import Request.
  Time since last request: 5.880618 seconds.
  path: Assets/Prefabs/Fence.prefab
  artifactKey: Guid(8a2fdec5f197140cbba5bfda3404fba3) Importer(815301076,1909f56bfc062723c751e8b465ee728b)
Start importing Assets/Prefabs/Fence.prefab using Guid(8a2fdec5f197140cbba5bfda3404fba3) Importer(815301076,1909f56bfc062723c751e8b465ee728b)  -> (artifact id: '59e57c9cecb12593ba2852c306b2f197') in 0.012143 seconds 
========================================================================
Received Import Request.
  Time since last request: 6.092927 seconds.
  path: Assets/Prefabs/Fence.prefab
  artifactKey: Guid(8a2fdec5f197140cbba5bfda3404fba3) Importer(815301076,1909f56bfc062723c751e8b465ee728b)
Start importing Assets/Prefabs/Fence.prefab using Guid(8a2fdec5f197140cbba5bfda3404fba3) Importer(815301076,1909f56bfc062723c751e8b465ee728b)  -> (artifact id: '4f9f6bbaeb8f8337d9e01c9b9df74858') in 0.012558 seconds 
========================================================================
Received Import Request.
  Time since last request: 43.189542 seconds.
  path: Assets/Prefabs/Fence.prefab
  artifactKey: Guid(8a2fdec5f197140cbba5bfda3404fba3) Importer(815301076,1909f56bfc062723c751e8b465ee728b)
Start importing Assets/Prefabs/Fence.prefab using Guid(8a2fdec5f197140cbba5bfda3404fba3) Importer(815301076,1909f56bfc062723c751e8b465ee728b)  -> (artifact id: 'b22e9c8837df9037d33c5b73bd7eb4bd') in 0.012941 seconds 
========================================================================
Received Import Request.
  Time since last request: 4.049428 seconds.
  path: Assets/Prefabs/Fence.prefab
  artifactKey: Guid(8a2fdec5f197140cbba5bfda3404fba3) Importer(815301076,1909f56bfc062723c751e8b465ee728b)
Start importing Assets/Prefabs/Fence.prefab using Guid(8a2fdec5f197140cbba5bfda3404fba3) Importer(815301076,1909f56bfc062723c751e8b465ee728b)  -> (artifact id: '4fe12cd6649b07f97ceccec17c6b89ab') in 0.011520 seconds 
========================================================================
Received Import Request.
  Time since last request: 3.023798 seconds.
  path: Assets/Prefabs/Fence.prefab
  artifactKey: Guid(8a2fdec5f197140cbba5bfda3404fba3) Importer(815301076,1909f56bfc062723c751e8b465ee728b)
Start importing Assets/Prefabs/Fence.prefab using Guid(8a2fdec5f197140cbba5bfda3404fba3) Importer(815301076,1909f56bfc062723c751e8b465ee728b)  -> (artifact id: '2a4a134317fdcbf0a3afd22275e66ffb') in 0.011410 seconds 
========================================================================
Received Import Request.
  Time since last request: 6.694835 seconds.
  path: Assets/Prefabs/Fence.prefab
  artifactKey: Guid(8a2fdec5f197140cbba5bfda3404fba3) Importer(815301076,1909f56bfc062723c751e8b465ee728b)
Start importing Assets/Prefabs/Fence.prefab using Guid(8a2fdec5f197140cbba5bfda3404fba3) Importer(815301076,1909f56bfc062723c751e8b465ee728b)  -> (artifact id: '123e4d77826dcdf19c3070d833c77d2e') in 0.012900 seconds 
========================================================================
Received Import Request.
  Time since last request: 9.719589 seconds.
  path: Assets/Prefabs/Fence.prefab
  artifactKey: Guid(8a2fdec5f197140cbba5bfda3404fba3) Importer(815301076,1909f56bfc062723c751e8b465ee728b)
Start importing Assets/Prefabs/Fence.prefab using Guid(8a2fdec5f197140cbba5bfda3404fba3) Importer(815301076,1909f56bfc062723c751e8b465ee728b)  -> (artifact id: 'd8bbea75113a5ad3c5b082b6095897a6') in 0.011058 seconds 
========================================================================
Received Import Request.
  Time since last request: 11.973446 seconds.
  path: Assets/Prefabs/Fence.prefab
  artifactKey: Guid(8a2fdec5f197140cbba5bfda3404fba3) Importer(815301076,1909f56bfc062723c751e8b465ee728b)
Start importing Assets/Prefabs/Fence.prefab using Guid(8a2fdec5f197140cbba5bfda3404fba3) Importer(815301076,1909f56bfc062723c751e8b465ee728b)  -> (artifact id: 'e479ff6e60302f700f191ac00f5eb93c') in 0.010525 seconds 
========================================================================
Received Import Request.
  Time since last request: 9.341085 seconds.
  path: Assets/Prefabs/Fence.prefab
  artifactKey: Guid(8a2fdec5f197140cbba5bfda3404fba3) Importer(815301076,1909f56bfc062723c751e8b465ee728b)
Start importing Assets/Prefabs/Fence.prefab using Guid(8a2fdec5f197140cbba5bfda3404fba3) Importer(815301076,1909f56bfc062723c751e8b465ee728b)  -> (artifact id: '81eb3a6623f58b12960325617b820383') in 0.010954 seconds 
========================================================================
Received Import Request.
  Time since last request: 19.117663 seconds.
  path: Assets/Prefabs/Fence.prefab
  artifactKey: Guid(8a2fdec5f197140cbba5bfda3404fba3) Importer(815301076,1909f56bfc062723c751e8b465ee728b)
Start importing Assets/Prefabs/Fence.prefab using Guid(8a2fdec5f197140cbba5bfda3404fba3) Importer(815301076,1909f56bfc062723c751e8b465ee728b)  -> (artifact id: 'a6d80d02972dbb023056f0a74afe173e') in 0.009899 seconds 
========================================================================
Received Import Request.
  Time since last request: 0.798074 seconds.
  path: Assets/Prefabs/Fence.prefab
  artifactKey: Guid(8a2fdec5f197140cbba5bfda3404fba3) Importer(815301076,1909f56bfc062723c751e8b465ee728b)
Start importing Assets/Prefabs/Fence.prefab using Guid(8a2fdec5f197140cbba5bfda3404fba3) Importer(815301076,1909f56bfc062723c751e8b465ee728b)  -> (artifact id: '4aaab1bdfb0300e3e2d58c291aa8b236') in 0.009452 seconds 
========================================================================
Received Import Request.
  Time since last request: 0.595326 seconds.
  path: Assets/Prefabs/Fence.prefab
  artifactKey: Guid(8a2fdec5f197140cbba5bfda3404fba3) Importer(815301076,1909f56bfc062723c751e8b465ee728b)
Start importing Assets/Prefabs/Fence.prefab using Guid(8a2fdec5f197140cbba5bfda3404fba3) Importer(815301076,1909f56bfc062723c751e8b465ee728b)  -> (artifact id: 'd27be719f1ad63a7589367312d22a698') in 0.008888 seconds 
========================================================================
Received Import Request.
  Time since last request: 0.392126 seconds.
  path: Assets/Prefabs/Fence.prefab
  artifactKey: Guid(8a2fdec5f197140cbba5bfda3404fba3) Importer(815301076,1909f56bfc062723c751e8b465ee728b)
Start importing Assets/Prefabs/Fence.prefab using Guid(8a2fdec5f197140cbba5bfda3404fba3) Importer(815301076,1909f56bfc062723c751e8b465ee728b)  -> (artifact id: 'f213a7236be8f2dccb21dcf44f05c9d4') in 0.010225 seconds 
========================================================================
Received Import Request.
  Time since last request: 2.008571 seconds.
  path: Assets/Prefabs/Fence.prefab
  artifactKey: Guid(8a2fdec5f197140cbba5bfda3404fba3) Importer(815301076,1909f56bfc062723c751e8b465ee728b)
Start importing Assets/Prefabs/Fence.prefab using Guid(8a2fdec5f197140cbba5bfda3404fba3) Importer(815301076,1909f56bfc062723c751e8b465ee728b)  -> (artifact id: 'a4ede27a01aceb9dc281098ae3352105') in 0.009543 seconds 
========================================================================
Received Import Request.
  Time since last request: 79.135340 seconds.
  path: Assets/Prefabs/Fence.prefab
  artifactKey: Guid(8a2fdec5f197140cbba5bfda3404fba3) Importer(815301076,1909f56bfc062723c751e8b465ee728b)
Start importing Assets/Prefabs/Fence.prefab using Guid(8a2fdec5f197140cbba5bfda3404fba3) Importer(815301076,1909f56bfc062723c751e8b465ee728b)  -> (artifact id: '8e73a1c339fabb0d3d07a37ba6ca3e43') in 0.009982 seconds 
========================================================================
Received Import Request.
  Time since last request: 2.408402 seconds.
  path: Assets/Prefabs/Fence.prefab
  artifactKey: Guid(8a2fdec5f197140cbba5bfda3404fba3) Importer(815301076,1909f56bfc062723c751e8b465ee728b)
Start importing Assets/Prefabs/Fence.prefab using Guid(8a2fdec5f197140cbba5bfda3404fba3) Importer(815301076,1909f56bfc062723c751e8b465ee728b)  -> (artifact id: 'fb8f25b14fafaf71cbb130b2480f761b') in 0.009469 seconds 
========================================================================
Received Import Request.
  Time since last request: 2.221640 seconds.
  path: Assets/Prefabs/Fence.prefab
  artifactKey: Guid(8a2fdec5f197140cbba5bfda3404fba3) Importer(815301076,1909f56bfc062723c751e8b465ee728b)
Start importing Assets/Prefabs/Fence.prefab using Guid(8a2fdec5f197140cbba5bfda3404fba3) Importer(815301076,1909f56bfc062723c751e8b465ee728b)  -> (artifact id: '0762c8e259ac7b175193a4f1e162a191') in 0.009274 seconds 
========================================================================
Received Import Request.
  Time since last request: 4.245207 seconds.
  path: Assets/Prefabs/Fence.prefab
  artifactKey: Guid(8a2fdec5f197140cbba5bfda3404fba3) Importer(815301076,1909f56bfc062723c751e8b465ee728b)
Start importing Assets/Prefabs/Fence.prefab using Guid(8a2fdec5f197140cbba5bfda3404fba3) Importer(815301076,1909f56bfc062723c751e8b465ee728b)  -> (artifact id: '9fb8f1919297ce48dfb7bad9a98782e2') in 0.010168 seconds 
========================================================================
Received Import Request.
  Time since last request: 7.890716 seconds.
  path: Assets/Prefabs/Fence.prefab
  artifactKey: Guid(8a2fdec5f197140cbba5bfda3404fba3) Importer(815301076,1909f56bfc062723c751e8b465ee728b)
Start importing Assets/Prefabs/Fence.prefab using Guid(8a2fdec5f197140cbba5bfda3404fba3) Importer(815301076,1909f56bfc062723c751e8b465ee728b)  -> (artifact id: 'cc234e5c9101767df3ac2526669bbb6c') in 0.009445 seconds 
========================================================================
Received Import Request.
  Time since last request: 95.680150 seconds.
  path: Assets/Materials/Light Brown.mat
  artifactKey: Guid(c9278e6f5b56b4a048d731e235feb711) Importer(815301076,1909f56bfc062723c751e8b465ee728b)
Start importing Assets/Materials/Light Brown.mat using Guid(c9278e6f5b56b4a048d731e235feb711) Importer(815301076,1909f56bfc062723c751e8b465ee728b)  -> (artifact id: '6888edb4b3e5328120ad7eb9cd9fe023') in 0.238957 seconds 
========================================================================
Received Import Request.
  Time since last request: 9.954104 seconds.
  path: Assets/Prefabs/Fence.prefab
  artifactKey: Guid(8a2fdec5f197140cbba5bfda3404fba3) Importer(815301076,1909f56bfc062723c751e8b465ee728b)
Start importing Assets/Prefabs/Fence.prefab using Guid(8a2fdec5f197140cbba5bfda3404fba3) Importer(815301076,1909f56bfc062723c751e8b465ee728b)  -> (artifact id: 'c5f787766c3129c895b14c09d41c9651') in 0.005813 seconds 
========================================================================
Received Import Request.
  Time since last request: 6.894717 seconds.
  path: Assets/Prefabs/Fence.prefab
  artifactKey: Guid(8a2fdec5f197140cbba5bfda3404fba3) Importer(815301076,1909f56bfc062723c751e8b465ee728b)
Start importing Assets/Prefabs/Fence.prefab using Guid(8a2fdec5f197140cbba5bfda3404fba3) Importer(815301076,1909f56bfc062723c751e8b465ee728b)  -> (artifact id: '66ef39b5cb5b6c894b240c86f64dc899') in 0.007513 seconds 
========================================================================
Received Import Request.
  Time since last request: 1025.775750 seconds.
  path: Assets/Materials/Light Brown.mat
  artifactKey: Guid(c9278e6f5b56b4a048d731e235feb711) Importer(815301076,1909f56bfc062723c751e8b465ee728b)
Start importing Assets/Materials/Light Brown.mat using Guid(c9278e6f5b56b4a048d731e235feb711) Importer(815301076,1909f56bfc062723c751e8b465ee728b)  -> (artifact id: '4352eaccbeb4719e94fab13d8ac1d857') in 0.006445 seconds 
========================================================================
Received Import Request.
  Time since last request: 86.442732 seconds.
  path: Assets/Prefabs/Fence.prefab
  artifactKey: Guid(8a2fdec5f197140cbba5bfda3404fba3) Importer(815301076,1909f56bfc062723c751e8b465ee728b)
Start importing Assets/Prefabs/Fence.prefab using Guid(8a2fdec5f197140cbba5bfda3404fba3) Importer(815301076,1909f56bfc062723c751e8b465ee728b)  -> (artifact id: 'f9317488ad86a7a3423f84ede309c98b') in 0.006388 seconds 
========================================================================
Received Import Request.
  Time since last request: 0.009691 seconds.
  path: Assets/Scenes/My Game.unity
  artifactKey: Guid(9fc0d4010bbf28b4594072e72b8655ab) Importer(815301076,1909f56bfc062723c751e8b465ee728b)
Start importing Assets/Scenes/My Game.unity using Guid(9fc0d4010bbf28b4594072e72b8655ab) Importer(815301076,1909f56bfc062723c751e8b465ee728b)  -> (artifact id: 'b5388ae196d6d8cbbae84354de6a43ad') in 0.002070 seconds 
AssetImportWorkerClient::OnTransportError - code=2 error=End of file
